Can't load metadata: Can't open file.
Scriptorium/Ajahn Sucitto/Introduccion A La Meditacion Del Conocimento Directo - Ajahn Sucitto.kepub.epub
Scriptorium/Ajahn Munindo/Atento a lo que dices - Ajahn Munindo.kepub.epub
Scriptorium/Ajahn Munindo/Dhammapada para la Contemplacion, Un - Ajahn Munindo.kepub.epub
Scriptorium/Ajahn Amaro/xQuien Alimentara Los Ratones_ - Ajahn Amaro.kepub.epub
Scriptorium/Ajahn Amaro/Escucha Interior, La - Ajahn Amaro.kepub.epub
Scriptorium/Ajahn Amaro/Practica de la Paz Interior, La - Ajahn Amaro.kepub.epub
Scriptorium/Ajahn Amaro/Atammayata - La ultima Palabra del Budismo - Ajahn Amaro.kepub.epub
Scriptorium/Ajahn Chah/arbol en un bosque, Un - Ajahn Chah.kepub.epub
Scriptorium/Sebastian Fitzek/experimento, El - Sebastian Fitzek.kepub.epub
Scriptorium/Josh Malerman/A ciegas - Josh Malerman.kepub.epub
Scriptorium/David Orange/Confines del Tiempo, Los - David Orange.kepub.epub
Scriptorium/Martin Amis/invasion de los marcianitos, La - Martin Amis.kepub.epub
Scriptorium/Ilaria Tuti/Flores sobre el infierno - Ilaria Tuti.kepub.epub
Scriptorium/Haruki Murakami/muerte del comendador (Libro 1), La - Haruki Murakami.kepub.epub
Scriptorium/N. K. Jemisin/cielo de piedra, El - N. K. Jemisin.kepub.epub
Scriptorium/Anabel Samani/caja vacia, La - Anabel Samani.kepub.epub
Scriptorium/Inaki Biggi/Santuario, El - Inaki Biggi.kepub.epub
Scriptorium/Ramiro Calle/gran libro del yoga, El - Ramiro Calle.kepub.epub
Scriptorium/Ramiro Calle/El Faquir - Ramiro Calle.kepub.epub
Scriptorium/Juan Miguel Aguilera & Javier Redal/Mundos en el abismo - Juan Miguel Aguilera & Javier Redal.kepub.epub
Scriptorium/Juan Miguel Aguilera & Javier Redal/Nemesis - Juan Miguel Aguilera & Javier Redal.kepub.epub
Scriptorium/Juan Miguel Aguilera & Eduardo Vaquerizo/Stranded (Naufragos) - Juan Miguel Aguilera & Eduardo Vaquerizo.kepub.epub
Scriptorium/Jesus Maeso de la Torre/Comanche - Jesus Maeso de la Torre.kepub.epub
Scriptorium/Ted Dekker & Tosca Lee/Prohibido - Ted Dekker & Tosca Lee.kepub.epub
Scriptorium/Pablo Rodriguez/Inteligencia artificial - Pablo Rodriguez.kepub.epub
Scriptorium/Felix A. Bas/AFRONUS - Felix A. Bas.kepub.epub
Scriptorium/Iain M. Banks/jugador, El - Iain M. Banks.kepub.epub
Scriptorium/Deepak Daswani/amenaza hacker, La - Deepak Daswani.kepub.epub
Scriptorium/Lesley-Ann Jones/Freddie Mercury - Lesley-Ann Jones.kepub.epub
Scriptorium/Jordi Verdaguer/ciudad de las tres catedrales, La - Jordi Verdaguer.kepub.epub
Scriptorium/Simon Singh/Codigos Secretos, Los - Simon Singh.kepub.epub
Scriptorium/Mikel Ayestaran/cenizas del califato, Las - Mikel Ayestaran.kepub.epub
Scriptorium/Santiago Posteguillo/Yo, Julia_ Premio Planeta 2018 - Santiago Posteguillo.kepub.epub
Scriptorium/Chloe Benjamin/inmortales, Los - Chloe Benjamin.kepub.epub
Scriptorium/Jose Luis Penalver Paret/codigo sinaptico, El - Jose Luis Penalver Paret.kepub.epub
Scriptorium/Carlos Pinto/silencio de los malditos, El - Carlos Pinto.kepub.epub
Scriptorium/Jesus Sanchez Adalid/Los banos del pozo azul - Jesus Sanchez Adalid.kepub.epub
Scriptorium/Maria Oruna/Puerto escondido - Maria Oruna.kepub.epub
Scriptorium/Fernando Botella/Bienvenidos a la revolucion 4.0 - Fernando Botella.kepub.epub
Scriptorium/Alvaro Maqueda/Al otro lado_ Hay puertas que nunca deberian abrirse - Alvaro Maqueda.kepub.epub
Scriptorium/Jose Maria Perez Gonzalez __Peridis__/maldicion de la reina Leonor, La - Jose Maria Perez Gonzalez __Peridis__.kepub.epub
Scriptorium/Blake Crouch/Materia oscura - Blake Crouch.kepub.epub
Scriptorium/Max Tegmark/Vida 3.0 - Max Tegmark.kepub.epub
Scriptorium/Pierce Brown/Amanecer rojo - Pierce Brown.kepub.epub
Scriptorium/Victoria Alvarez/ciudad de las sombras, La - Victoria Alvarez.kepub.epub
Scriptorium/Karen Armstrong/Buda. Una biografia - Karen Armstrong.kepub.epub
Scriptorium/Joel Dicker/desaparicion de Stephanie Mailer, La - Joel Dicker.kepub.epub
Scriptorium/Terry Pratchett/gente de la alfombra, La - Terry Pratchett.kepub.epub
Scriptorium/William Gibson/The Peripheral - William Gibson.kepub.epub
Scriptorium/Ed Catmull/Creatividad, S. A. - Ed Catmull.kepub.epub
Scriptorium/Esteban Martin/Revolucion - Esteban Martin.kepub.epub
Scriptorium/Pedro Amoros/Guia de la Espana misteriosa - Pedro Amoros.kepub.epub
Scriptorium/Juan Francisco Ferrandiz/La tierra maldita (Spanish Edition) - Juan Francisco Ferrandiz.kepub.epub
Scriptorium/Michel Moutot/catedrales del cielo, Las - Michel Moutot.kepub.epub
Scriptorium/Lawrence Levy/De Pixar al cielo - Lawrence Levy.kepub.epub
Scriptorium/David G. McCullough/hermanos Wright, Los - David G. McCullough.kepub.epub
Scriptorium/Joe Hill/Fuego - Joe Hill.kepub.epub
Scriptorium/Victoria Aveyard/Reina Roja, La - Victoria Aveyard.kepub.epub
Scriptorium/Ramez Naam/Nexus - Ramez Naam.kepub.epub
Scriptorium/Keigo Higashino/Paradox 13 - Keigo Higashino.kepub.epub
Scriptorium/Dan T. Sehlberg/Mona - Dan T. Sehlberg.kepub.epub
Scriptorium/Manuel Pimentel Siles/Arquitecto De TombuctU, El - Manuel Pimentel Siles.kepub.epub
Scriptorium/Pablo Tebar/Nieve en Marte - Pablo Tebar.kepub.epub
Scriptorium/Arthur C. Clarke/mundo es uno, El - Arthur C. Clarke.kepub.epub
Scriptorium/Manuel Pimentel/Dolmen - Manuel Pimentel.kepub.epub
Scriptorium/Manel Loureiro/Veinte - Manel Loureiro.kepub.epub
Scriptorium/Cixin Liu/bosque oscuro, El - Cixin Liu.kepub.epub
Scriptorium/Tim Leach/sonrisa del lobo, La - Tim Leach.kepub.epub
Scriptorium/R. Andrew Chesnut/Santa Muerte - R. Andrew Chesnut.kepub.epub
Scriptorium/Jeronimo Tristante/Nunca es tarde - Jeronimo Tristante.kepub.epub
Scriptorium/Javier Sierra/fuego invisible, El - Javier Sierra.kepub.epub
Scriptorium/Lucy Solen/No mires - Lucy Solen.kepub.epub
Scriptorium/Charles Stross/Accelerando - Charles Stross.kepub.epub
Scriptorium/Jo Nesbo/muneco de nieve, El - Jo Nesbo.kepub.epub
Scriptorium/Ibon Martin/ultimo akelarre, El - Ibon Martin.kepub.epub
Scriptorium/Marcos Chicot/asesinato de Pitagoras, El - Marcos Chicot.kepub.epub
Scriptorium/Alfred Bester/Computer connection - Alfred Bester.kepub.epub
Scriptorium/Ramon Munoz/tierra dividida, La - Ramon Munoz.kepub.epub
Scriptorium/Mayte Navales/ultima bruja, La - Mayte Navales.kepub.epub
Scriptorium/Mark Twain/Guia para viajeros inocentes - Mark Twain.kepub.epub
Scriptorium/Sharon Salzberg/secreto de la felicidad autentica, El - Sharon Salzberg.kepub.epub
Scriptorium/Paramahansa Yogananda/Autobiografia De Un Yogui - Paramahansa Yogananda.kepub.epub
Scriptorium/Stephen King/It - Stephen King.kepub.epub
Scriptorium/Eduardo Casas Herrer/red oscura, La - Eduardo Casas Herrer.kepub.epub
Scriptorium/Mikel Santiago/extrano verano de Tom Harvey, El - Mikel Santiago.kepub.epub
Scriptorium/Fernando Aramburu/Patria - Fernando Aramburu.kepub.epub
Scriptorium/Javier Reverte/New York, New York_. - Javier Reverte.kepub.epub
Scriptorium/Maria Konnikova/xComo pensar como Sherlock Holmes_ - Maria Konnikova.kepub.epub
Scriptorium/Iain Pears/Arcadia - Iain Pears.kepub.epub
Scriptorium/Stephen Batchelor/Budismo sin creencias - Stephen Batchelor.kepub.epub
Scriptorium/Thich Nhat Hanh/Miedo - Thich Nhat Hanh.kepub.epub
Scriptorium/Dalai Lama/universo en un solo atomo, El - Dalai Lama.kepub.epub
Scriptorium/Edward Rutherfurd/bosque, El - Edward Rutherfurd.kepub.epub
Scriptorium/Edward Rutherfurd/London - Edward Rutherfurd.kepub.epub
Scriptorium/Edward Rutherfurd/Nueva York - Edward Rutherfurd.kepub.epub
Scriptorium/Edward Rutherfurd/Dublin - Edward Rutherfurd.kepub.epub
Scriptorium/BHIKKHU BODHI/verdadera naturaleza de la existencia, La - BHIKKHU BODHI.pdf
Scriptorium/Swami Paramananda/Cambia tu mente - Swami Paramananda.pdf
Scriptorium/Desconocido/cuatro nobles verdades. Mahathera. La palabra del Buda. Indigo, Las - Desconocido.pdf
Scriptorium/Desconocido/Libro Atencion Plena - Desconocido.pdf
Scriptorium/Ajahn Passano/Isla, La - Ajahn Passano.pdf
Scriptorium/Ajaan Maha Boowa/Mae Chee Kaew - Ajaan Maha Boowa.pdf
Scriptorium/Goldstein/Goldstein&Kornfield-Vipassana1 - Goldstein.pdf
Scriptorium/Cherryh, C. J_/Cyteen_ La traicion - C. J. Cherryh.kepub.epub
Scriptorium/Loriga, Ray/Tokio ya no nos quiere - Ray Loriga.kepub.epub
Scriptorium/Leckie, Ann/Justicia auxiliar - Ann Leckie.kepub.epub
Scriptorium/Kress, Nancy/Mendigos en Espana - Nancy Kress.kepub.epub
Scriptorium/Parry, Dan/Objetivo_ la Luna - Dan Parry.kepub.epub
Scriptorium/Martinez, Guillermo/crimenes de Alicia, Los - Guillermo Martinez.kepub.epub
Scriptorium/Mayne, Andrew/Naturalist (The Naturalist Series Book 1), The - Andrew Mayne.kepub.epub
Scriptorium/Mayne, Andrew/naturalista, El - Andrew Mayne.kepub.epub
Scriptorium/Gentle, Mary/Ash, la historia secreta - Mary Gentle.kepub.epub
Scriptorium/Carlson, W. Bernard/Tesla_ inventor de la era electrica - W. Bernard Carlson.kepub.epub
Scriptorium/Harris, Charlaine/Encrucijada a medianoche - Charlaine Harris.kepub.epub
Scriptorium/Maniscalco, Kerri/A la caza de Jack el Destripador - Kerri Maniscalco.kepub.epub
Scriptorium/Tyerman, Christopher/Como organizar una cruzada - Christopher Tyerman.kepub.epub
Scriptorium/Ballard, J. G_/Rascacielos - J. G. Ballard.kepub.epub
Scriptorium/Forsyth, Frederick/Zorro, El - Frederick Forsyth.kepub.epub
Scriptorium/Tieryas, Peter/imperio Mecha Samurai, El - Peter Tieryas.kepub.epub
Scriptorium/Grant, Michael/Olvidados - Michael Grant.kepub.epub
Scriptorium/Wilson, Mike/Lenador - Mike Wilson.kepub.epub
Scriptorium/Peter Tieryas/Estados Unidos de Japon - Peter Tieryas.kepub.epub
Scriptorium/San Sebastian, Isabel/peregrina, La - Isabel San Sebastian.kepub.epub
Scriptorium/Go/Learn To Play Go - Volume 1 - Master's Guide to the Ultimate Game - By Janice Kim and Jeong Soo-hyun.pdf
Scriptorium/Go/Learn To Play Go - Volume 2 - The Way of the Moving Horse - By Janice Kim and Jeong Soo-hyun.pdf
Scriptorium/Go/Learn To Play Go - Volume 3 - The Dragon Style - By Janice Kim and Jeong Soo-hyun.pdf
Scriptorium/Go/Learn To Play Go - Volume 4 - Battle Strategies - By Janice Kim and Jeong Soo-hyun.pdf
Scriptorium/Go/Learn To Play Go - Volume 5 - The Palace of Memory - By Janice Kim and Jeong Soo-hyun.pdf
Scriptorium/Mateos, Pilar/bruja Mon, La - Pilar Mateos.kepub.epub
Scriptorium/LAS KILESAS.pdf
Scriptorium/Anonimo/edad del Pixel, La - Anonimo.kepub.epub
Scriptorium/Preussler, Otfried/Agustina la payasa - Otfried Preussler.kepub.epub
Scriptorium/Nostlinger, Christine/Ana esta furiosa - Christine Nostlinger.kepub.epub
Scriptorium/Machado, Ana Maria/Camilon, comilon - Ana Maria Machado.kepub.epub
Scriptorium/Heck, Elisabeth/Miguel y el dragon - Elisabeth Heck.kepub.epub
Scriptorium/Cinetto, Liliana/_Cuidado con el perro_ - Liliana Cinetto.kepub.epub
Scriptorium/Kaut, Ellis/travesuras de Pumuky, Las - Ellis Kaut.kepub.epub
Scriptorium/Dannenmann, Alexandra/gatito Minki, El - Alexandra Dannenmann.kepub.epub
Scriptorium/Baum, Lyman Frank/mago de Oz, El - Lyman Frank Baum.kepub.epub
Scriptorium/Roald Dahl/Charlie y la fabrica de chocolate - Roald Dahl.kepub.epub
Scriptorium/Dahl, Roald/_Que asco de bichos_ - Roald Dahl.kepub.epub
Scriptorium/Dahl, Roald/Cocodrilo Enorme, El - Roald Dahl.kepub.epub
Scriptorium/Alcantara, Ricardo/muro de piedra, El - Ricardo Alcantara.kepub.epub
Scriptorium/Iriarte, Tomas de/Fabulas literarias (ed. Emilio Palacios Fernandez) - Tomas de Iriarte.kepub.epub
Scriptorium/Bordons, Paloma/Quiero ser famosa - Paloma Bordons.kepub.epub
Scriptorium/Samaniego, Felix Maria de/Fabulas - Felix Maria de Samaniego.kepub.epub
Scriptorium/Perrault, Charles/Cuentos de Perrault - Charles Perrault.kepub.epub
Scriptorium/Alexandra David-Neel/Magos y misticos del tibet - Alexandra David-Neel.kepub.epub
Scriptorium/WHEEL OF SHARP WEAPONS - Gyumed Khensur Rinpoche_Spanish.pdf
Scriptorium/201000767_alexandra_trabajo.pdf
Scriptorium/Matilde Asensi/Sakura - Matilde Asensi.kepub.epub
Scriptorium/Ruiz Grau, Blas/_Que nadie toque nada_ - Blas Ruiz Grau.kepub.epub
Scriptorium/Pimentel, Manuel/Puerta de Indias - Manuel Pimentel.kepub.epub
Scriptorium/Arsenal, Leon/Corazon oscuro - Leon Arsenal.kepub.epub
Scriptorium/Walter Jon Williams/Hardwired el hombre-maquina - Walter Jon Williams.kepub.epub
Scriptorium/Jensen, Liz/mascador de papel, El - Liz Jensen.kepub.epub
Scriptorium/Agustin Martinez/Monteperdido - Agustin Martinez.kepub.epub
Scriptorium/Baxter, Stephen/Inundacion - Stephen Baxter.kepub.epub
Scriptorium/Jansson, Susanne/lugar prohibido, El - Susanne Jansson.kepub.epub
Scriptorium/Maza, Jose Maria/Marte. La proxima frontera - Jose Maria Maza.kepub.epub
Scriptorium/Larson, Erik/Lusitania. El hundimiento que cambio el rumbo de la historia - Erik Larson.kepub.epub
Scriptorium/King, Stephen/Cementerio de animales - Stephen King.kepub.epub
Scriptorium/Sarda, Xavier/Adios, muy buenas - Xavier Sarda.kepub.epub
Scriptorium/Carrasco Moreno, Fernando/INRI - Fernando Carrasco Moreno.kepub.epub
Scriptorium/Merino Sanchez, Alfredo/Everest - Alfredo Merino Sanchez.kepub.epub
Scriptorium/Vazquez Lozano, Gustavo/elefante que sonreia, El - Gustavo Vazquez Lozano.kepub.epub
Scriptorium/Parente, Iria G. - Pascual, Selene M_/Antiheroes - Iria G. Parente y Selene M. Pascual.kepub.epub
Scriptorium/Moro, Javier/montanas de Buda, Las - Javier Moro.kepub.epub
Scriptorium/Lynne McTaggart/357303152-mctaggart-lynne-el-campo-pdf - Lynne McTaggart.pdf
Scriptorium/Ernest Bendriss/Breve historia del Budismo - Ernest Bendriss.kepub.epub
Scriptorium/Tahir Shah/aprendiz de brujo, El - Tahir Shah.kepub.epub
Scriptorium/Jose Vicente Alfaro/Esperanza Del Tibet, La - Jose Vicente Alfaro.kepub.epub
Scriptorium/Andres Pascual/guardian de la flor de loto, El - Andres Pascual.kepub.epub
Scriptorium/Marcus, Ben/alfabeto de fuego, El - Ben Marcus.kepub.epub
Scriptorium/Hill, Joe/Tiempo extrano - Joe Hill.kepub.epub
Scriptorium/Escriba Tholoniat, ChristiTarrago Castrillon, Silvia/obrador de los prodigios, El - Escriba Tholhristian & Tarrago Castrillon, Silvia.kepub.epub
Scriptorium/Rueda de la vida de Luis Cesar.pdf
Scriptorium/Martinez, Agustin/mala hierba, La - Agustin Martinez.kepub.epub
Scriptorium/Luis Zueco/castillo, El - Luis Zueco.kepub.epub
Introducción A La Meditación Del Conocimento Directo · Ajahn Sucitto
Atento a lo que dices · Ajahn Munindo
Un Dhammapada para la Contemplación · Ajahn Munindo
¿Quién Alimentará Los Ratones? · Ajahn Amaro
La Escucha Interior · Ajahn Amaro
La Práctica de la Paz Interior · Ajahn Amaro
Atammayatā - La ultima Palabra del Budismo · Ajahn Amaro
Un árbol en un bosque · Ajahn Chah
El experimento · Sebastian Fitzek
A ciegas · Josh Malerman
Los Confines del Tiempo · David Orange
La invasión de los marcianitos · Martin Amis
Flores sobre el infierno · Ilaria Tuti
La muerte del comendador (Libro 1) · Haruki Murakami
El cielo de piedra (La Tierra Fragmentada #3.0) · N. K. Jemisin
La caja vacía · Anabel Samani
El Santuario · Iñaki Biggi
El gran libro del yoga · Ramiro Calle
El Faquir · Ramiro Calle
Mundos en el abismo (Akasa-puspa #1.0) · Juan Miguel Aguilera
Némesis (Akasa-puspa #1.5) · Juan Miguel Aguilera
Stranded (Náufragos) (Akasa-puspa #0.0) · Juan Miguel Aguilera
Comanche · Jesús Maeso de la Torre
Prohibido (Los Libros De Los Mortales #1.0) · Ted Dekker
Inteligencia artificial · Pablo Rodríguez
AFRONUS · Félix A. Bas
El jugador · Iain M. Banks
La amenaza hacker · Deepak Daswani
Freddie Mercury · Lesley-Ann Jones
La ciudad de las tres catedrales · Jordi Verdaguer
Los Códigos Secretos · Simon Singh
Las cenizas del califato · Mikel Ayestaran
Yo, Julia: Premio Planeta 2018 · Santiago Posteguillo
Los inmortales · Chloe Benjamin
El código sináptico · José Luis Peñalver Paret
El silencio de los malditos · Carlos Pinto
Los baños del pozo azul · Jesús Sánchez Adalid
Puerto escondido (Valentina Redondo #1.0) · María Oruña
Bienvenidos a la revolución 4.0 · Fernando Botella
Al otro lado: Hay puertas que nunca deberían abrirse · Álvaro Maqueda
La maldición de la reina Leonor · José María Pérez González «Peridis»
Materia oscura · Blake Crouch
Vida 3.0 · Max Tegmark
Amanecer rojo (Red Rising #1.0) · Pierce Brown
La ciudad de las sombras (Helena Lennox #1.0) · Victoria Álvarez
Buda. Una biografía · Karen Armstrong
La desaparición de Stephanie Mailer · Joël Dicker
La gente de la alfombra · Terry Pratchett
The Peripheral · William Gibson
Creatividad, S. A. · Ed Catmull
Revolución · Esteban Martín
Guía de la España misteriosa · Pedro Amorós
La tierra maldita · Juan Francisco Ferrándiz
Las catedrales del cielo · Michel Moutot
De Pixar al cielo · Lawrence Levy
Los hermanos Wright · David G. McCullough
Fuego · Joe Hill
La Reina Roja (La Reina Roja #1.0) · Victoria Aveyard
Nexus · Ramez Naam
Paradox 13 · Keigo Higashino
Mona (Eric Söderqvist #1.0) · Dan T. Sehlberg
El Arquitecto De TombuctÚ · Manuel Pimentel Siles
Nieve en Marte · Pablo Tébar
El mundo es uno · Arthur C. Clarke
Dolmen · Manuel Pimentel
Veinte · Manel Loureiro
El bosque oscuro (Trilogía de los Tres Cuerpos #2.0) · Cixin Liu
La sonrisa del lobo · Tim Leach
Santa Muerte · R. Andrew Chesnut
Nunca es tarde · Jerónimo Tristante
El fuego invisible · Javier Sierra
No mires · Lucy Solen
Accelerando · Charles Stross
El muñeco de nieve (Harry Hole #7.0) · Jo Nesbø
El último akelarre (Leire Altuna #3.0) · Ibon Martín
El asesinato de Pitágoras · Marcos Chicot
Computer connection · Alfred Bester
La tierra dividida · Ramón Muñoz
La última bruja · Mayte Navales
Guía para viajeros inocentes · Mark Twain
El secreto de la felicidad auténtica · Sharon Salzberg
Autobiografia De Un Yogui · Paramahansa Yogananda
It · Stephen King
La red oscura · Eduardo Casas Herrer
El extraño verano de Tom Harvey · Mikel Santiago
Patria · Fernando Aramburu
New York, New York… · Javier Reverte
¿Cómo pensar como Sherlock Holmes? · Maria Konnikova
Arcadia · Iain Pears
Budismo sin creencias · Stephen Batchelor
Miedo · Thich Nhat Hanh
El universo en un solo átomo · Dalai Lama
El bosque · Edward Rutherfurd
London · Edward Rutherfurd
Nueva York · Edward Rutherfurd
Dublin · Edward Rutherfurd
Cyteen: La traición (Cyteen #1.0) · C. J. Cherryh
Tokio ya no nos quiere · Ray Loriga
Justicia auxiliar (Imperial Radch #1.0) · Ann Leckie
Mendigos en España (Insomnes #1.0) · Nancy Kress
Objetivo: la Luna · Dan Parry
Los crímenes de Alicia · Guillermo Martínez
The Naturalist (The Naturalist Series Book 1) · Andrew Mayne
El naturalista (Theo Cray #1.0) · Andrew Mayne
Ash, la historia secreta (El Libro de Ash #1.0) · Mary Gentle
Tesla: inventor de la era eléctrica · W. Bernard Carlson
Encrucijada a medianoche (Midnight, Texas #1.0) · Charlaine Harris
A la caza de Jack el Destripador · Kerri Maniscalco
Cómo organizar una cruzada · Christopher Tyerman
Rascacielos · J. G. Ballard
El Zorro · Frederick Forsyth
El imperio Mecha Samurái · Peter Tieryas
Olvidados (Olvidados #1.0) · Michael Grant
Leñador · Mike Wilson
Estados Unidos de Japón · Peter Tieryas
La peregrina · Isabel San Sebastián
La bruja Mon (El barco de vapor - Serie Blanca #9.0) · Pilar Mateos
La edad del Pixel · Anónimo
Agustina la payasa (El barco de vapor - Serie Blanca #32.0) · Otfried Preussler
Ana está furiosa (El barco de vapor - Serie Blanca #49.0) · Christine Nöstlinger
Camilón, comilón (El barco de vapor: Serie Blanca #27.0) · Ana María Machado
Miguel y el dragón (El barco de vapor - Serie Blanca #2.0) · Elisabeth Heck
¡Cuidado con el perro! (Diminuto #1.0) · Liliana Cinetto
Las travesuras de Pumuky (Pumuky #2.0) · Ellis Kaut
El gatito Minki · Alexandra Dannenmann
El mago de Oz (Libros de Oz #1.0) · Lyman Frank Baum
Charlie y la fábrica de chocolate · Roald Dahl
¡Qué asco de bichos! · Roald Dahl
El Cocodrilo Enorme · Roald Dahl
El muro de piedra (El barco de vapor: Serie Blanca #55.0) · Ricardo Alcántara
Fábulas literarias (ed. Emilio Palacios Fernández) (Penguin Clásicos #1.0) · Tomás de Iriarte
Quiero ser famosa (El barco de vapor: Serie Blanca #54.0) · Paloma Bordons
Fábulas (Penguin Clásicos #1.0) · Félix María de Samaniego
Cuentos de Perrault · Charles Perrault
Magos y misticos del tibet · Alexandra David-Neel
Sakura · Matilde Asensi
¡Que nadie toque nada! · Blas Ruiz Grau
Puerta de Indias (Artafi #1.0) · Manuel Pimentel
Corazón oscuro · Leon Arsenal
Hardwired el hombre-máquina · Walter Jon Williams
El mascador de papel · Liz Jensen
Monteperdido · Agustín Martínez
Inundación (Inundación #1.0) · Stephen Baxter
El lugar prohibido · Susanne Jansson
Marte. La próxima frontera · José María Maza
Lusitania. El hundimiento que cambió el rumbo de la historia · Erik Larson
Cementerio de animales · Stephen King
Adiós, muy buenas · Xavier Sardà
INRI · Fernando Carrasco Moreno
Everest · Alfredo Merino Sánchez
El elefante que sonreía · Gustavo Vázquez Lozano
Antihéroes · Iria G. Parente y Selene M. Pascual
Las montañas de Buda · Javier Moro
Breve historia del Budismo · Ernest Bendriss
El aprendiz de brujo · Tahir Shah
La Esperanza Del Tíbet · José Vicente Alfaro
El guardian de la flor de loto · Andres Pascual
El alfabeto de fuego · Ben Marcus
Tiempo extraño · Joe Hill
El obrador de los prodigios · Escribà Tholoniat, Christian
La mala hierba · Agustín Martínez
El castillo (trilogia medieval #1.0) · Luis Zueco
Plato is running on a Kobo Aura H₂O Edition 2.
The framebuffer resolution is 1080 by 1440.
Scriptorium/Martinez, Agustin/mala hierba, La - Agustin Martinez.kepub.epub
